  [1m[35m (2.7ms)[0m  [1m[35mCREATE DATABASE "tweeter_app_api_development" ENCODING = 'unicode'[0m
  [1m[35m (0.4ms)[0m  [1m[35mCREATE DATABASE "tweeter_app_api_test" ENCODING = 'unicode'[0m
  [1m[35m (20.3ms)[0m  [1m[35mCREATE TABLE "schema_migrations" ("version" character varying NOT NULL PRIMARY KEY)[0m
  [1m[35m (4.7ms)[0m  [1m[35mCREATE TABLE "ar_internal_metadata" ("key" character varying NOT NULL PRIMARY KEY, "value" character varying, "created_at" timestamp(6) NOT NULL, "updated_at" timestamp(6) NOT NULL)[0m
  [1m[35m (0.2ms)[0m  [1m[34mSELECT pg_try_advisory_lock(1344325399035759420)[0m
  [1m[35m (0.6ms)[0m  [1m[34mSELECT "schema_migrations"."version" FROM "schema_migrations" ORDER BY "schema_migrations"."version" ASC[0m
Migrating to CreateTweets (20210116171725)
  [1m[36mTRANSACTION (0.1ms)[0m  [1m[35mBEGIN[0m
  [1m[35m (8.8ms)[0m  [1m[35mCREATE TABLE "tweets" ("id" bigserial primary key, "title" character varying, "content" text, "author" character varying, "created_at" timestamp(6) NOT NULL, "updated_at" timestamp(6) NOT NULL)[0m
  [1m[36mActiveRecord::SchemaMigration Create (1.9ms)[0m  [1m[32mINSERT INTO "schema_migrations" ("version") VALUES ($1) RETURNING "version"[0m  [["version", "20210116171725"]]
  [1m[36mTRANSACTION (14.4ms)[0m  [1m[35mCOMMIT[0m
  [1m[36mActiveRecord::InternalMetadata Load (1.2ms)[0m  [1m[34mSELECT "ar_internal_metadata".* FROM "ar_internal_metadata" WHERE "ar_internal_metadata"."key" = $1 LIMIT $2[0m  [["key", "environment"], ["LIMIT", 1]]
  [1m[36mTRANSACTION (8.8ms)[0m  [1m[35mBEGIN[0m
  [1m[36mActiveRecord::InternalMetadata Create (2.4ms)[0m  [1m[32mINSERT INTO "ar_internal_metadata" ("key", "value", "created_at", "updated_at") VALUES ($1, $2, $3, $4) RETURNING "key"[0m  [["key", "environment"], ["value", "development"], ["created_at", "2021-01-16 17:20:06.998951"], ["updated_at", "2021-01-16 17:20:06.998951"]]
  [1m[36mTRANSACTION (2.4ms)[0m  [1m[35mCOMMIT[0m
  [1m[35m (1.8ms)[0m  [1m[34mSELECT pg_advisory_unlock(1344325399035759420)[0m
  [1m[35m (0.8ms)[0m  [1m[34mSELECT "schema_migrations"."version" FROM "schema_migrations" ORDER BY "schema_migrations"."version" ASC[0m
  [1m[35m (0.7ms)[0m  [1m[34mSELECT "schema_migrations"."version" FROM "schema_migrations" ORDER BY "schema_migrations"."version" ASC[0m
  [1m[36mTRANSACTION (0.1ms)[0m  [1m[35mBEGIN[0m
  [1m[36mTweet Create (2.7ms)[0m  [1m[32mINSERT INTO "tweets" ("title", "content", "author", "created_at", "updated_at") VALUES ($1, $2, $3, $4, $5) RETURNING "id"[0m  [["title", "Just found this"], ["content", "the square of the hypotenuse is equal to the sum of the squares of the other two sides"], ["author", "Pythagoras570"], ["created_at", "2021-01-16 17:38:26.930565"], ["updated_at", "2021-01-16 17:38:26.930565"]]
  [1m[36mTRANSACTION (1.0ms)[0m  [1m[35mCOMMIT[0m
  [1m[36mTRANSACTION (0.1ms)[0m  [1m[35mBEGIN[0m
  [1m[36mTweet Create (0.3ms)[0m  [1m[32mINSERT INTO "tweets" ("title", "content", "author", "created_at", "updated_at") VALUES ($1, $2, $3, $4, $5) RETURNING "id"[0m  [["title", "I'm walkin' here"], ["content", "Hey, I'm walkin' here!"], ["author", "Nicky62"], ["created_at", "2021-01-16 17:38:26.936848"], ["updated_at", "2021-01-16 17:38:26.936848"]]
  [1m[36mTRANSACTION (0.3ms)[0m  [1m[35mCOMMIT[0m
  [1m[36mTRANSACTION (0.1ms)[0m  [1m[35mBEGIN[0m
  [1m[36mTweet Create (0.4ms)[0m  [1m[32mINSERT INTO "tweets" ("title", "content", "author", "created_at", "updated_at") VALUES ($1, $2, $3, $4, $5) RETURNING "id"[0m  [["title", "Kickstarter shoreditch master hashtag plaid cornhole sriracha neutra."], ["content", "When Chuck Norris points to null, null quakes in fear."], ["author", "Dark Bane I"], ["created_at", "2021-01-16 17:38:28.227526"], ["updated_at", "2021-01-16 17:38:28.227526"]]
  [1m[36mTRANSACTION (1.8ms)[0m  [1m[35mCOMMIT[0m
  [1m[36mTRANSACTION (0.2ms)[0m  [1m[35mBEGIN[0m
  [1m[36mTweet Create (0.3ms)[0m  [1m[32mINSERT INTO "tweets" ("title", "content", "author", "created_at", "updated_at") VALUES ($1, $2, $3, $4, $5) RETURNING "id"[0m  [["title", "Seitan narwhal actually pbr&b austin try-hard taxidermy."], ["content", "Chuck Norris knows the last digit of PI."], ["author", "Mr Alien"], ["created_at", "2021-01-16 17:38:28.232603"], ["updated_at", "2021-01-16 17:38:28.232603"]]
  [1m[36mTRANSACTION (0.3ms)[0m  [1m[35mCOMMIT[0m
  [1m[36mTRANSACTION (0.2ms)[0m  [1m[35mBEGIN[0m
  [1m[36mTweet Create (0.3ms)[0m  [1m[32mINSERT INTO "tweets" ("title", "content", "author", "created_at", "updated_at") VALUES ($1, $2, $3, $4, $5) RETURNING "id"[0m  [["title", "Cliche marfa raw denim plaid goth gentrify 8-bit."], ["content", "Chuck Norris doesn't need a java compiler, he goes straight to .war"], ["author", "Green Beyonder Girl"], ["created_at", "2021-01-16 17:38:28.235496"], ["updated_at", "2021-01-16 17:38:28.235496"]]
  [1m[36mTRANSACTION (0.3ms)[0m  [1m[35mCOMMIT[0m
  [1m[36mTRANSACTION (0.1ms)[0m  [1m[35mBEGIN[0m
  [1m[36mTweet Create (0.3ms)[0m  [1m[32mINSERT INTO "tweets" ("title", "content", "author", "created_at", "updated_at") VALUES ($1, $2, $3, $4, $5) RETURNING "id"[0m  [["title", "Chicharrones bitters artisan direct trade tilde muggle magic."], ["content", "Chuck Norris doesn't need to know about class factory pattern. He can instantiate interfaces."], ["author", "Supah Bloodaxe"], ["created_at", "2021-01-16 17:38:28.238594"], ["updated_at", "2021-01-16 17:38:28.238594"]]
  [1m[36mTRANSACTION (0.3ms)[0m  [1m[35mCOMMIT[0m
  [1m[36mTRANSACTION (0.1ms)[0m  [1m[35mBEGIN[0m
  [1m[36mTweet Create (0.2ms)[0m  [1m[32mINSERT INTO "tweets" ("title", "content", "author", "created_at", "updated_at") VALUES ($1, $2, $3, $4, $5) RETURNING "id"[0m  [["title", "Yuccie messenger bag listicle banjo."], ["content", "Chuck Norris's keyboard doesn't have a Ctrl key because nothing controls Chuck Norris."], ["author", "Wolfsbane"], ["created_at", "2021-01-16 17:38:28.241432"], ["updated_at", "2021-01-16 17:38:28.241432"]]
  [1m[36mTRANSACTION (0.3ms)[0m  [1m[35mCOMMIT[0m
  [1m[36mTRANSACTION (0.1ms)[0m  [1m[35mBEGIN[0m
  [1m[36mTweet Create (0.2ms)[0m  [1m[32mINSERT INTO "tweets" ("title", "content", "author", "created_at", "updated_at") VALUES ($1, $2, $3, $4, $5) RETURNING "id"[0m  [["title", "Umami brooklyn chambray thundercats hammock green juice distillery portland."], ["content", "Chuck Norris doesn't need a debugger, he just stares down the bug until the code confesses."], ["author", "Rachel Pirzad Eyes"], ["created_at", "2021-01-16 17:38:28.244202"], ["updated_at", "2021-01-16 17:38:28.244202"]]
  [1m[36mTRANSACTION (0.3ms)[0m  [1m[35mCOMMIT[0m
  [1m[36mTRANSACTION (0.3ms)[0m  [1m[35mBEGIN[0m
  [1m[36mTweet Create (0.4ms)[0m  [1m[32mINSERT INTO "tweets" ("title", "content", "author", "created_at", "updated_at") VALUES ($1, $2, $3, $4, $5) RETURNING "id"[0m  [["title", "Bespoke twee before they sold out viral brooklyn lomo semiotics."], ["content", "Chuck Norris doesn't need to know about class factory pattern. He can instantiate interfaces."], ["author", "Binary Machine"], ["created_at", "2021-01-16 17:38:28.247047"], ["updated_at", "2021-01-16 17:38:28.247047"]]
  [1m[36mTRANSACTION (0.3ms)[0m  [1m[35mCOMMIT[0m
  [1m[36mTRANSACTION (0.1ms)[0m  [1m[35mBEGIN[0m
  [1m[36mTweet Create (0.2ms)[0m  [1m[32mINSERT INTO "tweets" ("title", "content", "author", "created_at", "updated_at") VALUES ($1, $2, $3, $4, $5) RETURNING "id"[0m  [["title", "Actually pickled helvetica irony."], ["content", "Chuck Norris can unit test an entire application with a single assert."], ["author", "Magnificent Mockingbird I"], ["created_at", "2021-01-16 17:38:28.250960"], ["updated_at", "2021-01-16 17:38:28.250960"]]
  [1m[36mTRANSACTION (0.4ms)[0m  [1m[35mCOMMIT[0m
  [1m[36mTRANSACTION (0.1ms)[0m  [1m[35mBEGIN[0m
  [1m[36mTweet Create (0.2ms)[0m  [1m[32mINSERT INTO "tweets" ("title", "content", "author", "created_at", "updated_at") VALUES ($1, $2, $3, $4, $5) RETURNING "id"[0m  [["title", "Poutine wes anderson vinyl distillery chia goth."], ["content", "Chuck Norris can binary search unsorted data."], ["author", "Magnificent Scorpia IX"], ["created_at", "2021-01-16 17:38:28.253747"], ["updated_at", "2021-01-16 17:38:28.253747"]]
  [1m[36mTRANSACTION (0.3ms)[0m  [1m[35mCOMMIT[0m
  [1m[36mTRANSACTION (0.1ms)[0m  [1m[35mBEGIN[0m
  [1m[36mTweet Create (0.2ms)[0m  [1m[32mINSERT INTO "tweets" ("title", "content", "author", "created_at", "updated_at") VALUES ($1, $2, $3, $4, $5) RETURNING "id"[0m  [["title", "Lo-fi chillwave meggings swag pbr&b messenger bag."], ["content", "Chuck Norris's beard can type 140 wpm."], ["author", "Red Chuck Norris"], ["created_at", "2021-01-16 17:38:28.256474"], ["updated_at", "2021-01-16 17:38:28.256474"]]
  [1m[36mTRANSACTION (0.3ms)[0m  [1m[35mCOMMIT[0m
  [1m[36mTweet Load (0.5ms)[0m  [1m[34mSELECT "tweets".* FROM "tweets" /* loading for inspect */ LIMIT $1[0m  [["LIMIT", 11]]
Started GET "/" for ::1 at 2021-01-16 12:49:05 -0500
  [1m[35m (2.0ms)[0m  [1m[34mSELECT "schema_migrations"."version" FROM "schema_migrations" ORDER BY "schema_migrations"."version" ASC[0m
Processing by Rails::WelcomeController#index as HTML
  Rendering /Users/supershay/.rbenv/versions/2.6.3/lib/ruby/gems/2.6.0/gems/railties-6.1.1/lib/rails/templates/rails/welcome/index.html.erb
  Rendered /Users/supershay/.rbenv/versions/2.6.3/lib/ruby/gems/2.6.0/gems/railties-6.1.1/lib/rails/templates/rails/welcome/index.html.erb (Duration: 11.6ms | Allocations: 488)
Completed 200 OK in 41ms (Views: 20.4ms | ActiveRecord: 0.0ms | Allocations: 4230)


Started GET "/" for ::1 at 2021-01-16 12:58:50 -0500
  [1m[35m (1.4ms)[0m  [1m[34mSELECT "schema_migrations"."version" FROM "schema_migrations" ORDER BY "schema_migrations"."version" ASC[0m
Processing by Rails::WelcomeController#index as HTML
  Rendering /Users/supershay/.rbenv/versions/2.6.3/lib/ruby/gems/2.6.0/gems/railties-6.1.1/lib/rails/templates/rails/welcome/index.html.erb
  Rendered /Users/supershay/.rbenv/versions/2.6.3/lib/ruby/gems/2.6.0/gems/railties-6.1.1/lib/rails/templates/rails/welcome/index.html.erb (Duration: 6.4ms | Allocations: 315)
Completed 200 OK in 16ms (Views: 9.9ms | ActiveRecord: 0.0ms | Allocations: 2451)


Started GET "/tweets" for ::1 at 2021-01-16 12:58:57 -0500
Processing by TweetsController#index as HTML
  [1m[36mTweet Load (0.8ms)[0m  [1m[34mSELECT "tweets".* FROM "tweets"[0m
  ↳ app/controllers/tweets_controller.rb:5:in `index'
Completed 200 OK in 35ms (Views: 25.4ms | ActiveRecord: 7.3ms | Allocations: 6290)


Started GET "/tweets/5" for ::1 at 2021-01-16 13:01:11 -0500
  [1m[35m (1.3ms)[0m  [1m[34mSELECT "schema_migrations"."version" FROM "schema_migrations" ORDER BY "schema_migrations"."version" ASC[0m
Processing by TweetsController#show as HTML
  Parameters: {"id"=>"5"}
  [1m[36mTweet Load (0.4ms)[0m  [1m[34mSELECT "tweets".* FROM "tweets" WHERE "tweets"."id" = $1 LIMIT $2[0m  [["id", 5], ["LIMIT", 1]]
  ↳ app/controllers/tweets_controller.rb:9:in `show'
Completed 200 OK in 36ms (Views: 0.6ms | ActiveRecord: 5.6ms | Allocations: 7438)


Started GET "/tweets" for ::1 at 2021-01-16 13:15:36 -0500
  [1m[35m (1.1ms)[0m  [1m[34mSELECT "schema_migrations"."version" FROM "schema_migrations" ORDER BY "schema_migrations"."version" ASC[0m
Processing by TweetsController#index as HTML
  [1m[36mTweet Load (0.6ms)[0m  [1m[34mSELECT "tweets".* FROM "tweets"[0m
  ↳ app/controllers/tweets_controller.rb:5:in `index'
Completed 200 OK in 23ms (Views: 7.8ms | ActiveRecord: 7.0ms | Allocations: 8401)


Started GET "/tweets" for ::1 at 2021-01-16 13:22:09 -0500
Processing by TweetsController#index as */*
  Parameters: {"tweet"=>{"title"=>"\"bbhdggevehdvdh\"", "content"=>"\"bbnfhbvrhusu\"", "author"=>"\"Mr.Tourettes\""}}
  [1m[36mTweet Load (0.6ms)[0m  [1m[34mSELECT "tweets".* FROM "tweets"[0m
  ↳ app/controllers/tweets_controller.rb:5:in `index'
Completed 200 OK in 21ms (Views: 19.2ms | ActiveRecord: 8.8ms | Allocations: 7214)


Started POST "/tweets" for ::1 at 2021-01-16 13:22:15 -0500
Processing by TweetsController#create as */*
  Parameters: {"tweet"=>{"title"=>"\"bbhdggevehdvdh\"", "content"=>"\"bbnfhbvrhusu\"", "author"=>"\"Mr.Tourettes\""}}
  [1m[36mTRANSACTION (0.1ms)[0m  [1m[35mBEGIN[0m
  ↳ app/controllers/tweets_controller.rb:11:in `create'
  [1m[36mTweet Create (0.7ms)[0m  [1m[32mINSERT INTO "tweets" ("title", "content", "author", "created_at", "updated_at") VALUES ($1, $2, $3, $4, $5) RETURNING "id"[0m  [["title", "\"bbhdggevehdvdh\""], ["content", "\"bbnfhbvrhusu\""], ["author", "\"Mr.Tourettes\""], ["created_at", "2021-01-16 18:22:15.710959"], ["updated_at", "2021-01-16 18:22:15.710959"]]
  ↳ app/controllers/tweets_controller.rb:11:in `create'
  [1m[36mTRANSACTION (1.0ms)[0m  [1m[35mCOMMIT[0m
  ↳ app/controllers/tweets_controller.rb:11:in `create'
Completed 201 Created in 6ms (Views: 0.2ms | ActiveRecord: 1.8ms | Allocations: 2017)


Started GET "/tweets" for ::1 at 2021-01-16 13:22:24 -0500
Processing by TweetsController#index as */*
  Parameters: {"tweet"=>{"title"=>"\"bbhdggevehdvdh\"", "content"=>"\"bbnfhbvrhusu\"", "author"=>"\"Mr.Tourettes\""}}
  [1m[36mTweet Load (0.4ms)[0m  [1m[34mSELECT "tweets".* FROM "tweets"[0m
  ↳ app/controllers/tweets_controller.rb:5:in `index'
Completed 200 OK in 4ms (Views: 3.1ms | ActiveRecord: 0.4ms | Allocations: 2130)


Started PUT "/tweets/13" for ::1 at 2021-01-16 13:27:42 -0500
Processing by TweetsController#update as */*
  Parameters: {"tweet"=>{"title"=>"\"bbhdggevehdvdh\"", "content"=>"\"bbnfhbvrhusu mmhbddrtgf gdtsdygyrdtdrtf fudrsrsduyfyufyu\"", "author"=>"\"Mr.Tourettes\""}, "id"=>"13"}
  [1m[36mTweet Load (0.4ms)[0m  [1m[34mSELECT "tweets".* FROM "tweets" WHERE "tweets"."id" = $1 LIMIT $2[0m  [["id", 13], ["LIMIT", 1]]
  ↳ app/controllers/tweets_controller.rb:19:in `update'
  [1m[36mTRANSACTION (0.1ms)[0m  [1m[35mBEGIN[0m
  ↳ app/controllers/tweets_controller.rb:20:in `update'
  [1m[36mTweet Update (2.8ms)[0m  [1m[33mUPDATE "tweets" SET "content" = $1, "updated_at" = $2 WHERE "tweets"."id" = $3[0m  [["content", "\"bbnfhbvrhusu mmhbddrtgf gdtsdygyrdtdrtf fudrsrsduyfyufyu\""], ["updated_at", "2021-01-16 18:27:42.870784"], ["id", 13]]
  ↳ app/controllers/tweets_controller.rb:20:in `update'
  [1m[36mTRANSACTION (0.3ms)[0m  [1m[35mCOMMIT[0m
  ↳ app/controllers/tweets_controller.rb:20:in `update'
Completed 201 Created in 29ms (Views: 0.3ms | ActiveRecord: 11.7ms | Allocations: 7809)


Started DELETE "/tweets/13" for ::1 at 2021-01-16 13:28:58 -0500
Processing by TweetsController#destroy as */*
  Parameters: {"tweet"=>{"title"=>"\"bbhdggevehdvdh\"", "content"=>"\"bbnfhbvrhusu mmhbddrtgf gdtsdygyrdtdrtf fudrsrsduyfyufyu\"", "author"=>"\"Mr.Tourettes\""}, "id"=>"13"}
  [1m[36mTweet Load (0.2ms)[0m  [1m[34mSELECT "tweets".* FROM "tweets" WHERE "tweets"."id" = $1 LIMIT $2[0m  [["id", 13], ["LIMIT", 1]]
  ↳ app/controllers/tweets_controller.rb:25:in `destroy'
  [1m[36mTRANSACTION (0.1ms)[0m  [1m[35mBEGIN[0m
  ↳ app/controllers/tweets_controller.rb:25:in `destroy'
  [1m[36mTweet Destroy (0.3ms)[0m  [1m[31mDELETE FROM "tweets" WHERE "tweets"."id" = $1[0m  [["id", 13]]
  ↳ app/controllers/tweets_controller.rb:25:in `destroy'
  [1m[36mTRANSACTION (0.3ms)[0m  [1m[35mCOMMIT[0m
  ↳ app/controllers/tweets_controller.rb:25:in `destroy'
Completed 204 No Content in 17ms (Views: 0.2ms | ActiveRecord: 8.8ms | Allocations: 5361)


Started GET "/tweets" for ::1 at 2021-01-16 13:29:05 -0500
Processing by TweetsController#index as */*
  Parameters: {"tweet"=>{"title"=>"\"bbhdggevehdvdh\"", "content"=>"\"bbnfhbvrhusu mmhbddrtgf gdtsdygyrdtdrtf fudrsrsduyfyufyu\"", "author"=>"\"Mr.Tourettes\""}}
  [1m[36mTweet Load (0.3ms)[0m  [1m[34mSELECT "tweets".* FROM "tweets"[0m
  ↳ app/controllers/tweets_controller.rb:5:in `index'
Completed 200 OK in 3ms (Views: 2.4ms | ActiveRecord: 0.3ms | Allocations: 2044)


  [1m[35m (0.2ms)[0m  [1m[34mSELECT pg_try_advisory_lock(1344325399035759420)[0m
  [1m[35m (3.4ms)[0m  [1m[34mSELECT "schema_migrations"."version" FROM "schema_migrations" ORDER BY "schema_migrations"."version" ASC[0m
  [1m[36mActiveRecord::InternalMetadata Load (3.9ms)[0m  [1m[34mSELECT "ar_internal_metadata".* FROM "ar_internal_metadata" WHERE "ar_internal_metadata"."key" = $1 LIMIT $2[0m  [["key", "environment"], ["LIMIT", 1]]
  [1m[35m (0.2ms)[0m  [1m[34mSELECT pg_advisory_unlock(1344325399035759420)[0m
  [1m[35m (0.8ms)[0m  [1m[34mSELECT "schema_migrations"."version" FROM "schema_migrations" ORDER BY "schema_migrations"."version" ASC[0m
  [1m[35m (0.2ms)[0m  [1m[34mSELECT pg_try_advisory_lock(1344325399035759420)[0m
  [1m[35m (0.9ms)[0m  [1m[34mSELECT "schema_migrations"."version" FROM "schema_migrations" ORDER BY "schema_migrations"."version" ASC[0m
  [1m[36mActiveRecord::InternalMetadata Load (0.4ms)[0m  [1m[34mSELECT "ar_internal_metadata".* FROM "ar_internal_metadata" WHERE "ar_internal_metadata"."key" = $1 LIMIT $2[0m  [["key", "environment"], ["LIMIT", 1]]
  [1m[35m (0.3ms)[0m  [1m[34mSELECT pg_advisory_unlock(1344325399035759420)[0m
  [1m[35m (0.7ms)[0m  [1m[34mSELECT "schema_migrations"."version" FROM "schema_migrations" ORDER BY "schema_migrations"."version" ASC[0m
Started GET "/" for ::1 at 2021-01-17 16:17:16 -0500
  
ActiveRecord::NoDatabaseError (FATAL:  database "tweeter_app_api_development" does not exist
):
  
activerecord (6.1.1) lib/active_record/connection_adapters/postgresql_adapter.rb:81:in `rescue in new_client'
activerecord (6.1.1) lib/active_record/connection_adapters/postgresql_adapter.rb:77:in `new_client'
activerecord (6.1.1) lib/active_record/connection_adapters/postgresql_adapter.rb:37:in `postgresql_connection'
activerecord (6.1.1) lib/active_record/connection_adapters/abstract/connection_pool.rb:882:in `public_send'
activerecord (6.1.1) lib/active_record/connection_adapters/abstract/connection_pool.rb:882:in `new_connection'
activerecord (6.1.1) lib/active_record/connection_adapters/abstract/connection_pool.rb:926:in `checkout_new_connection'
activerecord (6.1.1) lib/active_record/connection_adapters/abstract/connection_pool.rb:905:in `try_to_checkout_new_connection'
activerecord (6.1.1) lib/active_record/connection_adapters/abstract/connection_pool.rb:866:in `acquire_connection'
activerecord (6.1.1) lib/active_record/connection_adapters/abstract/connection_pool.rb:588:in `checkout'
activerecord (6.1.1) lib/active_record/connection_adapters/abstract/connection_pool.rb:428:in `connection'
activerecord (6.1.1) lib/active_record/connection_adapters/abstract/connection_pool.rb:1128:in `retrieve_connection'
activerecord (6.1.1) lib/active_record/connection_handling.rb:319:in `retrieve_connection'
activerecord (6.1.1) lib/active_record/connection_handling.rb:275:in `connection'
activerecord (6.1.1) lib/active_record/migration.rb:611:in `connection'
activerecord (6.1.1) lib/active_record/migration.rb:606:in `build_watcher'
activerecord (6.1.1) lib/active_record/migration.rb:588:in `block in call'
activerecord (6.1.1) lib/active_record/migration.rb:587:in `synchronize'
activerecord (6.1.1) lib/active_record/migration.rb:587:in `call'
actionpack (6.1.1) lib/action_dispatch/middleware/callbacks.rb:27:in `block in call'
activesupport (6.1.1) lib/active_support/callbacks.rb:98:in `run_callbacks'
actionpack (6.1.1) lib/action_dispatch/middleware/callbacks.rb:26:in `call'
actionpack (6.1.1) lib/action_dispatch/middleware/executor.rb:14:in `call'
actionpack (6.1.1) lib/action_dispatch/middleware/actionable_exceptions.rb:18:in `call'
actionpack (6.1.1) lib/action_dispatch/middleware/debug_exceptions.rb:29:in `call'
actionpack (6.1.1) lib/action_dispatch/middleware/show_exceptions.rb:33:in `call'
railties (6.1.1) lib/rails/rack/logger.rb:37:in `call_app'
railties (6.1.1) lib/rails/rack/logger.rb:26:in `block in call'
activesupport (6.1.1) lib/active_support/tagged_logging.rb:99:in `block in tagged'
activesupport (6.1.1) lib/active_support/tagged_logging.rb:37:in `tagged'
activesupport (6.1.1) lib/active_support/tagged_logging.rb:99:in `tagged'
railties (6.1.1) lib/rails/rack/logger.rb:26:in `call'
actionpack (6.1.1) lib/action_dispatch/middleware/remote_ip.rb:81:in `call'
actionpack (6.1.1) lib/action_dispatch/middleware/request_id.rb:26:in `call'
rack (2.2.3) lib/rack/runtime.rb:22:in `call'
activesupport (6.1.1) lib/active_support/cache/strategy/local_cache_middleware.rb:29:in `call'
actionpack (6.1.1) lib/action_dispatch/middleware/executor.rb:14:in `call'
actionpack (6.1.1) lib/action_dispatch/middleware/static.rb:24:in `call'
rack (2.2.3) lib/rack/sendfile.rb:110:in `call'
actionpack (6.1.1) lib/action_dispatch/middleware/host_authorization.rb:98:in `call'
railties (6.1.1) lib/rails/engine.rb:539:in `call'
puma (5.1.1) lib/puma/configuration.rb:246:in `call'
puma (5.1.1) lib/puma/request.rb:76:in `block in handle_request'
puma (5.1.1) lib/puma/thread_pool.rb:337:in `with_force_shutdown'
puma (5.1.1) lib/puma/request.rb:75:in `handle_request'
puma (5.1.1) lib/puma/server.rb:431:in `process_client'
puma (5.1.1) lib/puma/thread_pool.rb:145:in `block in spawn_thread'
Started GET "/tweets" for ::1 at 2021-01-17 16:17:19 -0500
  
ActiveRecord::NoDatabaseError (FATAL:  database "tweeter_app_api_development" does not exist
):
  
activerecord (6.1.1) lib/active_record/connection_adapters/postgresql_adapter.rb:81:in `rescue in new_client'
activerecord (6.1.1) lib/active_record/connection_adapters/postgresql_adapter.rb:77:in `new_client'
activerecord (6.1.1) lib/active_record/connection_adapters/postgresql_adapter.rb:37:in `postgresql_connection'
activerecord (6.1.1) lib/active_record/connection_adapters/abstract/connection_pool.rb:882:in `public_send'
activerecord (6.1.1) lib/active_record/connection_adapters/abstract/connection_pool.rb:882:in `new_connection'
activerecord (6.1.1) lib/active_record/connection_adapters/abstract/connection_pool.rb:926:in `checkout_new_connection'
activerecord (6.1.1) lib/active_record/connection_adapters/abstract/connection_pool.rb:905:in `try_to_checkout_new_connection'
activerecord (6.1.1) lib/active_record/connection_adapters/abstract/connection_pool.rb:866:in `acquire_connection'
activerecord (6.1.1) lib/active_record/connection_adapters/abstract/connection_pool.rb:588:in `checkout'
activerecord (6.1.1) lib/active_record/connection_adapters/abstract/connection_pool.rb:428:in `connection'
activerecord (6.1.1) lib/active_record/connection_adapters/abstract/connection_pool.rb:1128:in `retrieve_connection'
activerecord (6.1.1) lib/active_record/connection_handling.rb:319:in `retrieve_connection'
activerecord (6.1.1) lib/active_record/connection_handling.rb:275:in `connection'
activerecord (6.1.1) lib/active_record/migration.rb:611:in `connection'
activerecord (6.1.1) lib/active_record/migration.rb:606:in `build_watcher'
activerecord (6.1.1) lib/active_record/migration.rb:588:in `block in call'
activerecord (6.1.1) lib/active_record/migration.rb:587:in `synchronize'
activerecord (6.1.1) lib/active_record/migration.rb:587:in `call'
actionpack (6.1.1) lib/action_dispatch/middleware/callbacks.rb:27:in `block in call'
activesupport (6.1.1) lib/active_support/callbacks.rb:98:in `run_callbacks'
actionpack (6.1.1) lib/action_dispatch/middleware/callbacks.rb:26:in `call'
actionpack (6.1.1) lib/action_dispatch/middleware/executor.rb:14:in `call'
actionpack (6.1.1) lib/action_dispatch/middleware/actionable_exceptions.rb:18:in `call'
actionpack (6.1.1) lib/action_dispatch/middleware/debug_exceptions.rb:29:in `call'
actionpack (6.1.1) lib/action_dispatch/middleware/show_exceptions.rb:33:in `call'
railties (6.1.1) lib/rails/rack/logger.rb:37:in `call_app'
railties (6.1.1) lib/rails/rack/logger.rb:26:in `block in call'
activesupport (6.1.1) lib/active_support/tagged_logging.rb:99:in `block in tagged'
activesupport (6.1.1) lib/active_support/tagged_logging.rb:37:in `tagged'
activesupport (6.1.1) lib/active_support/tagged_logging.rb:99:in `tagged'
railties (6.1.1) lib/rails/rack/logger.rb:26:in `call'
actionpack (6.1.1) lib/action_dispatch/middleware/remote_ip.rb:81:in `call'
actionpack (6.1.1) lib/action_dispatch/middleware/request_id.rb:26:in `call'
rack (2.2.3) lib/rack/runtime.rb:22:in `call'
activesupport (6.1.1) lib/active_support/cache/strategy/local_cache_middleware.rb:29:in `call'
actionpack (6.1.1) lib/action_dispatch/middleware/executor.rb:14:in `call'
actionpack (6.1.1) lib/action_dispatch/middleware/static.rb:24:in `call'
rack (2.2.3) lib/rack/sendfile.rb:110:in `call'
actionpack (6.1.1) lib/action_dispatch/middleware/host_authorization.rb:98:in `call'
railties (6.1.1) lib/rails/engine.rb:539:in `call'
puma (5.1.1) lib/puma/configuration.rb:246:in `call'
puma (5.1.1) lib/puma/request.rb:76:in `block in handle_request'
puma (5.1.1) lib/puma/thread_pool.rb:337:in `with_force_shutdown'
puma (5.1.1) lib/puma/request.rb:75:in `handle_request'
puma (5.1.1) lib/puma/server.rb:431:in `process_client'
puma (5.1.1) lib/puma/thread_pool.rb:145:in `block in spawn_thread'
  [1m[35m (351.7ms)[0m  [1m[35mCREATE DATABASE "tweeter_app_api_development" ENCODING = 'unicode'[0m
  [1m[35m (167.9ms)[0m  [1m[35mCREATE DATABASE "tweeter_app_api_test" ENCODING = 'unicode'[0m
  [1m[35m (189.0ms)[0m  [1m[35mCREATE TABLE "schema_migrations" ("version" character varying NOT NULL PRIMARY KEY)[0m
  [1m[35m (14.2ms)[0m  [1m[35mCREATE TABLE "ar_internal_metadata" ("key" character varying NOT NULL PRIMARY KEY, "value" character varying, "created_at" timestamp(6) NOT NULL, "updated_at" timestamp(6) NOT NULL)[0m
  [1m[35m (2.7ms)[0m  [1m[34mSELECT pg_try_advisory_lock(1344325399035759420)[0m
  [1m[35m (3.7ms)[0m  [1m[34mSELECT "schema_migrations"."version" FROM "schema_migrations" ORDER BY "schema_migrations"."version" ASC[0m
Migrating to CreateTweets (20210116171725)
  [1m[36mTRANSACTION (14.3ms)[0m  [1m[35mBEGIN[0m
  [1m[35m (74.0ms)[0m  [1m[35mCREATE TABLE "tweets" ("id" bigserial primary key, "title" character varying, "content" text, "author" character varying, "created_at" timestamp(6) NOT NULL, "updated_at" timestamp(6) NOT NULL)[0m
  [1m[36mActiveRecord::SchemaMigration Create (41.9ms)[0m  [1m[32mINSERT INTO "schema_migrations" ("version") VALUES ($1) RETURNING "version"[0m  [["version", "20210116171725"]]
  [1m[36mTRANSACTION (6.2ms)[0m  [1m[35mCOMMIT[0m
  [1m[36mActiveRecord::InternalMetadata Load (2.4ms)[0m  [1m[34mSELECT "ar_internal_metadata".* FROM "ar_internal_metadata" WHERE "ar_internal_metadata"."key" = $1 LIMIT $2[0m  [["key", "environment"], ["LIMIT", 1]]
  [1m[36mTRANSACTION (0.3ms)[0m  [1m[35mBEGIN[0m
  [1m[36mActiveRecord::InternalMetadata Create (6.4ms)[0m  [1m[32mINSERT INTO "ar_internal_metadata" ("key", "value", "created_at", "updated_at") VALUES ($1, $2, $3, $4) RETURNING "key"[0m  [["key", "environment"], ["value", "development"], ["created_at", "2021-01-17 21:27:31.246383"], ["updated_at", "2021-01-17 21:27:31.246383"]]
  [1m[36mTRANSACTION (1.1ms)[0m  [1m[35mCOMMIT[0m
  [1m[35m (1.6ms)[0m  [1m[34mSELECT pg_advisory_unlock(1344325399035759420)[0m
  [1m[35m (137.0ms)[0m  [1m[34mSELECT "schema_migrations"."version" FROM "schema_migrations" ORDER BY "schema_migrations"."version" ASC[0m
  [1m[35m (5.1ms)[0m  [1m[34mSELECT "schema_migrations"."version" FROM "schema_migrations" ORDER BY "schema_migrations"."version" ASC[0m
  [1m[36mTRANSACTION (0.3ms)[0m  [1m[35mBEGIN[0m
  [1m[36mTweet Exists? (9.4ms)[0m  [1m[34mSELECT 1 AS one FROM "tweets" WHERE "tweets"."content" = $1 LIMIT $2[0m  [["content", "the square of the hypotenuse is equal to the sum of the squares of the other two sides"], ["LIMIT", 1]]
  [1m[36mTweet Create (4.2ms)[0m  [1m[32mINSERT INTO "tweets" ("title", "content", "author", "created_at", "updated_at") VALUES ($1, $2, $3, $4, $5) RETURNING "id"[0m  [["title", "Just found this"], ["content", "the square of the hypotenuse is equal to the sum of the squares of the other two sides"], ["author", "Pythagoras570"], ["created_at", "2021-01-17 21:27:51.445737"], ["updated_at", "2021-01-17 21:27:51.445737"]]
  [1m[36mTRANSACTION (0.7ms)[0m  [1m[35mCOMMIT[0m
  [1m[36mTRANSACTION (0.3ms)[0m  [1m[35mBEGIN[0m
  [1m[36mTweet Exists? (0.6ms)[0m  [1m[34mSELECT 1 AS one FROM "tweets" WHERE "tweets"."content" = $1 LIMIT $2[0m  [["content", "Hey, I'm walkin' here!"], ["LIMIT", 1]]
  [1m[36mTweet Create (0.6ms)[0m  [1m[32mINSERT INTO "tweets" ("title", "content", "author", "created_at", "updated_at") VALUES ($1, $2, $3, $4, $5) RETURNING "id"[0m  [["title", "I'm walkin' here"], ["content", "Hey, I'm walkin' here!"], ["author", "Nicky62"], ["created_at", "2021-01-17 21:27:51.483876"], ["updated_at", "2021-01-17 21:27:51.483876"]]
  [1m[36mTRANSACTION (0.5ms)[0m  [1m[35mCOMMIT[0m
  [1m[36mTRANSACTION (1.8ms)[0m  [1m[35mBEGIN[0m
  [1m[36mTweet Exists? (1.0ms)[0m  [1m[34mSELECT 1 AS one FROM "tweets" WHERE "tweets"."content" = $1 LIMIT $2[0m  [["content", "Chuck Norris doesn't pair program."], ["LIMIT", 1]]
  [1m[36mTweet Create (1.2ms)[0m  [1m[32mINSERT INTO "tweets" ("title", "content", "author", "created_at", "updated_at") VALUES ($1, $2, $3, $4, $5) RETURNING "id"[0m  [["title", "Franzen actually ethical pop-up."], ["content", "Chuck Norris doesn't pair program."], ["author", "Question"], ["created_at", "2021-01-17 21:27:58.118390"], ["updated_at", "2021-01-17 21:27:58.118390"]]
  [1m[36mTRANSACTION (4.1ms)[0m  [1m[35mCOMMIT[0m
  [1m[36mTRANSACTION (0.2ms)[0m  [1m[35mBEGIN[0m
  [1m[36mTweet Exists? (0.6ms)[0m  [1m[34mSELECT 1 AS one FROM "tweets" WHERE "tweets"."content" = $1 LIMIT $2[0m  [["content", "Chuck Norris' preferred IDE is hexedit."], ["LIMIT", 1]]
  [1m[36mTweet Create (1.2ms)[0m  [1m[32mINSERT INTO "tweets" ("title", "content", "author", "created_at", "updated_at") VALUES ($1, $2, $3, $4, $5) RETURNING "id"[0m  [["title", "Raw denim pabst shoreditch messenger bag sriracha +1."], ["content", "Chuck Norris' preferred IDE is hexedit."], ["author", "Agent Lyja Strike"], ["created_at", "2021-01-17 21:27:58.149748"], ["updated_at", "2021-01-17 21:27:58.149748"]]
  [1m[36mTRANSACTION (0.6ms)[0m  [1m[35mCOMMIT[0m
  [1m[36mTRANSACTION (0.6ms)[0m  [1m[35mBEGIN[0m
  [1m[36mTweet Exists? (1.2ms)[0m  [1m[34mSELECT 1 AS one FROM "tweets" WHERE "tweets"."content" = $1 LIMIT $2[0m  [["content", "Project managers never ask Chuck Norris for estimations... ever."], ["LIMIT", 1]]
  [1m[36mTweet Create (0.5ms)[0m  [1m[32mINSERT INTO "tweets" ("title", "content", "author", "created_at", "updated_at") VALUES ($1, $2, $3, $4, $5) RETURNING "id"[0m  [["title", "Gentrify bicycle rights 8-bit."], ["content", "Project managers never ask Chuck Norris for estimations... ever."], ["author", "Red Sylar"], ["created_at", "2021-01-17 21:27:58.223477"], ["updated_at", "2021-01-17 21:27:58.223477"]]
  [1m[36mTRANSACTION (0.7ms)[0m  [1m[35mCOMMIT[0m
  [1m[36mTRANSACTION (9.0ms)[0m  [1m[35mBEGIN[0m
  [1m[36mTweet Exists? (1.2ms)[0m  [1m[34mSELECT 1 AS one FROM "tweets" WHERE "tweets"."content" = $1 LIMIT $2[0m  [["content", "When Chuck Norris gives a method an argument, the method loses."], ["LIMIT", 1]]
  [1m[36mTweet Create (4.0ms)[0m  [1m[32mINSERT INTO "tweets" ("title", "content", "author", "created_at", "updated_at") VALUES ($1, $2, $3, $4, $5) RETURNING "id"[0m  [["title", "Paleo ethical swag."], ["content", "When Chuck Norris gives a method an argument, the method loses."], ["author", "Synch"], ["created_at", "2021-01-17 21:27:58.251553"], ["updated_at", "2021-01-17 21:27:58.251553"]]
  [1m[36mTRANSACTION (0.5ms)[0m  [1m[35mCOMMIT[0m
  [1m[36mTRANSACTION (0.2ms)[0m  [1m[35mBEGIN[0m
  [1m[36mTweet Exists? (1.5ms)[0m  [1m[34mSELECT 1 AS one FROM "tweets" WHERE "tweets"."content" = $1 LIMIT $2[0m  [["content", "Anonymous methods and anonymous types are really all called Chuck Norris. They just don't like to boast."], ["LIMIT", 1]]
  [1m[36mTweet Create (0.6ms)[0m  [1m[32mINSERT INTO "tweets" ("title", "content", "author", "created_at", "updated_at") VALUES ($1, $2, $3, $4, $5) RETURNING "id"[0m  [["title", "Raw denim cray scenester blog."], ["content", "Anonymous methods and anonymous types are really all called Chuck Norris. They just don't like to boast."], ["author", "Illustrious Wiz Kid"], ["created_at", "2021-01-17 21:27:58.272693"], ["updated_at", "2021-01-17 21:27:58.272693"]]
  [1m[36mTRANSACTION (0.5ms)[0m  [1m[35mCOMMIT[0m
  [1m[36mTRANSACTION (0.2ms)[0m  [1m[35mBEGIN[0m
  [1m[36mTweet Exists? (0.5ms)[0m  [1m[34mSELECT 1 AS one FROM "tweets" WHERE "tweets"."content" = $1 LIMIT $2[0m  [["content", "Chuck Norris can solve the Towers of Hanoi in one move."], ["LIMIT", 1]]
  [1m[36mTweet Create (0.5ms)[0m  [1m[32mINSERT INTO "tweets" ("title", "content", "author", "created_at", "updated_at") VALUES ($1, $2, $3, $4, $5) RETURNING "id"[0m  [["title", "Kinfolk whatever brunch selvage goth 90's narwhal."], ["content", "Chuck Norris can solve the Towers of Hanoi in one move."], ["author", "Shang-Chi III"], ["created_at", "2021-01-17 21:27:58.285205"], ["updated_at", "2021-01-17 21:27:58.285205"]]
  [1m[36mTRANSACTION (0.5ms)[0m  [1m[35mCOMMIT[0m
  [1m[36mTRANSACTION (1.2ms)[0m  [1m[35mBEGIN[0m
  [1m[36mTweet Exists? (1.1ms)[0m  [1m[34mSELECT 1 AS one FROM "tweets" WHERE "tweets"."content" = $1 LIMIT $2[0m  [["content", "Chuck Norris can recite π. Backwards."], ["LIMIT", 1]]
  [1m[36mTweet Create (0.7ms)[0m  [1m[32mINSERT INTO "tweets" ("title", "content", "author", "created_at", "updated_at") VALUES ($1, $2, $3, $4, $5) RETURNING "id"[0m  [["title", "+1 cleanse raw denim."], ["content", "Chuck Norris can recite π. Backwards."], ["author", "General Absorbing"], ["created_at", "2021-01-17 21:27:58.329733"], ["updated_at", "2021-01-17 21:27:58.329733"]]
  [1m[36mTRANSACTION (1.7ms)[0m  [1m[35mCOMMIT[0m
  [1m[36mTRANSACTION (0.4ms)[0m  [1m[35mBEGIN[0m
  [1m[36mTweet Exists? (1.1ms)[0m  [1m[34mSELECT 1 AS one FROM "tweets" WHERE "tweets"."content" = $1 LIMIT $2[0m  [["content", "Chuck Norris doesn't believe in floating point numbers because they can't be typed on his binary keyboard."], ["LIMIT", 1]]
  [1m[36mTweet Create (2.1ms)[0m  [1m[32mINSERT INTO "tweets" ("title", "content", "author", "created_at", "updated_at") VALUES ($1, $2, $3, $4, $5) RETURNING "id"[0m  [["title", "Offal narwhal 3 wolf moon kitsch retro schlitz."], ["content", "Chuck Norris doesn't believe in floating point numbers because they can't be typed on his binary keyboard."], ["author", "Dark Walrus"], ["created_at", "2021-01-17 21:27:58.348052"], ["updated_at", "2021-01-17 21:27:58.348052"]]
  [1m[36mTRANSACTION (0.6ms)[0m  [1m[35mCOMMIT[0m
  [1m[36mTRANSACTION (0.3ms)[0m  [1m[35mBEGIN[0m
  [1m[36mTweet Exists? (1.6ms)[0m  [1m[34mSELECT 1 AS one FROM "tweets" WHERE "tweets"."content" = $1 LIMIT $2[0m  [["content", "Chuck Norris doesn't need the cloud to scale his applications, he uses his laptop."], ["LIMIT", 1]]
  [1m[36mTweet Create (0.7ms)[0m  [1m[32mINSERT INTO "tweets" ("title", "content", "author", "created_at", "updated_at") VALUES ($1, $2, $3, $4, $5) RETURNING "id"[0m  [["title", "Cleanse retro cliche lomo."], ["content", "Chuck Norris doesn't need the cloud to scale his applications, he uses his laptop."], ["author", "The Boom Boom III"], ["created_at", "2021-01-17 21:27:58.369512"], ["updated_at", "2021-01-17 21:27:58.369512"]]
  [1m[36mTRANSACTION (0.5ms)[0m  [1m[35mCOMMIT[0m
  [1m[36mTRANSACTION (0.2ms)[0m  [1m[35mBEGIN[0m
  [1m[36mTweet Exists? (0.5ms)[0m  [1m[34mSELECT 1 AS one FROM "tweets" WHERE "tweets"."content" = $1 LIMIT $2[0m  [["content", "Chuck Norris's beard can type 140 wpm."], ["LIMIT", 1]]
  [1m[36mTweet Create (1.0ms)[0m  [1m[32mINSERT INTO "tweets" ("title", "content", "author", "created_at", "updated_at") VALUES ($1, $2, $3, $4, $5) RETURNING "id"[0m  [["title", "Microdosing gentrify franzen pitchfork flexitarian flannel."], ["content", "Chuck Norris's beard can type 140 wpm."], ["author", "Shriek"], ["created_at", "2021-01-17 21:27:58.384653"], ["updated_at", "2021-01-17 21:27:58.384653"]]
  [1m[36mTRANSACTION (0.5ms)[0m  [1m[35mCOMMIT[0m
Started GET "/tweets" for ::1 at 2021-01-17 16:28:16 -0500
  [1m[35m (6.2ms)[0m  [1m[34mSELECT "schema_migrations"."version" FROM "schema_migrations" ORDER BY "schema_migrations"."version" ASC[0m
Processing by TweetsController#index as HTML
  [1m[36mTweet Load (3.9ms)[0m  [1m[34mSELECT "tweets".* FROM "tweets"[0m
  ↳ app/controllers/tweets_controller.rb:5:in `index'
Completed 200 OK in 208ms (Views: 58.8ms | ActiveRecord: 111.6ms | Allocations: 8502)


